<?xml version="1.0" encoding="UTF-8"?>
<!-- Generated by org.testng.reporters.JUnitReportReporter -->
<testsuite name="script.VerifyLoginPage" tests="1" time="7.671" ignored="0" failures="0" timestamp="25 Feb 2017 14:09:59 GMT" skipped="0" hostname="DESKTOP-EB3NVNR" errors="0">
  <testcase name="testVerifyLoginPage" time="7.671" classname="script.VerifyLoginPage"/>
</testsuite> <!-- script.VerifyLoginPage -->
