<?xml version="1.0" encoding="UTF-8"?>
<!-- Generated by org.testng.reporters.JUnitReportReporter -->
<testsuite name="script.VerifyInvalidLogin" tests="1" time="0.004" ignored="0" failures="0" timestamp="20 Mar 2017 20:51:26 GMT" skipped="1" hostname="DESKTOP-EB3NVNR" errors="0">
  <testcase name="testVerifyInvalidLogin" time="0.004" classname="script.VerifyInvalidLogin">
    <skipped/>
  </testcase> <!-- testVerifyInvalidLogin -->
</testsuite> <!-- script.VerifyInvalidLogin -->
