<?xml version="1.0" encoding="UTF-8"?>
<!-- Generated by org.testng.reporters.JUnitReportReporter -->
<testsuite name="script.VerifyVersion" tests="2" time="84.147" ignored="0" failures="0" timestamp="20 Mar 2017 20:55:44 GMT" skipped="0" hostname="DESKTOP-EB3NVNR" errors="0">
  <testcase name="testVerifyVersion" time="55.078" classname="script.VerifyVersion"/>
  <testcase name="testVerifyVersion" time="29.069" classname="script.VerifyVersion"/>
</testsuite> <!-- script.VerifyVersion -->
