<?xml version="1.0" encoding="UTF-8"?>
<!-- Generated by org.testng.reporters.JUnitReportReporter -->
<testsuite name="script.VerifyLoginPage" tests="1" time="47.400" ignored="0" failures="0" timestamp="05 Mar 2017 10:20:46 GMT" skipped="0" hostname="DESKTOP-EB3NVNR" errors="0">
  <testcase name="testVerifyLoginPage" time="47.400" classname="script.VerifyLoginPage"/>
</testsuite> <!-- script.VerifyLoginPage -->
