<?xml version="1.0" encoding="UTF-8"?>
<!-- Generated by org.testng.reporters.JUnitReportReporter -->
<testsuite name="script.Test1" tests="1" time="25.431" ignored="0" failures="0" timestamp="18 Feb 2017 17:00:25 GMT" skipped="0" hostname="DESKTOP-EB3NVNR" errors="0">
  <testcase name="loginPage" time="25.431" classname="script.Test1"/>
</testsuite> <!-- script.Test1 -->
