<?xml version="1.0" encoding="UTF-8"?>
<!-- Generated by org.testng.reporters.JUnitReportReporter -->
<testsuite name="script.VerifyInvalidLogin" tests="1" time="6.083" ignored="0" failures="0" timestamp="27 Feb 2017 21:38:26 GMT" skipped="0" hostname="DESKTOP-EB3NVNR" errors="0">
  <testcase name="testVerifyInvalidLogin" time="6.083" classname="script.VerifyInvalidLogin"/>
</testsuite> <!-- script.VerifyInvalidLogin -->
