<?xml version="1.0" encoding="UTF-8"?>
<!-- Generated by org.testng.reporters.JUnitReportReporter -->
<testsuite name="script.VerifyLoginPage" tests="2" time="65.671" ignored="0" failures="0" timestamp="20 Mar 2017 20:55:44 GMT" skipped="0" hostname="DESKTOP-EB3NVNR" errors="0">
  <testcase name="testVerifyLoginPage" time="38.435" classname="script.VerifyLoginPage"/>
  <testcase name="testVerifyLoginPage" time="27.236" classname="script.VerifyLoginPage"/>
</testsuite> <!-- script.VerifyLoginPage -->
