<?xml version="1.0" encoding="UTF-8"?>
<!-- Generated by org.testng.reporters.JUnitReportReporter -->
<testsuite name="script.VerifyLoginLogout" tests="1" time="51.624" ignored="0" failures="0" timestamp="26 Feb 2017 15:39:25 GMT" skipped="0" hostname="DESKTOP-EB3NVNR" errors="0">
  <testcase name="testVerifyLoginLogout" time="51.624" classname="script.VerifyLoginLogout"/>
</testsuite> <!-- script.VerifyLoginLogout -->
