<?xml version="1.0" encoding="UTF-8"?>
<!-- Generated by org.testng.reporters.JUnitReportReporter -->
<testsuite name="script.VerifyInvalidLogin" tests="1" time="5.782" ignored="0" failures="0" timestamp="25 Feb 2017 15:34:37 GMT" skipped="0" hostname="DESKTOP-EB3NVNR" errors="0">
  <testcase name="testVerifyInvalidLogin" time="5.782" classname="script.VerifyInvalidLogin"/>
</testsuite> <!-- script.VerifyInvalidLogin -->
