<?xml version="1.0" encoding="UTF-8"?>
<!-- Generated by org.testng.reporters.JUnitReportReporter -->
<testsuite name="script.VerifyLoginLogout" tests="1" time="13.458" ignored="0" failures="0" timestamp="05 Mar 2017 12:14:14 GMT" skipped="0" hostname="DESKTOP-EB3NVNR" errors="0">
  <testcase name="testVerifyLoginLogout" time="13.458" classname="script.VerifyLoginLogout"/>
</testsuite> <!-- script.VerifyLoginLogout -->
