<?xml version="1.0" encoding="UTF-8"?>
<!-- Generated by org.testng.reporters.JUnitReportReporter -->
<testsuite name="script.VerifyInvalidLogin" tests="1" time="18.908" ignored="0" failures="0" timestamp="05 Mar 2017 10:45:52 GMT" skipped="0" hostname="DESKTOP-EB3NVNR" errors="0">
  <testcase name="testVerifyInvalidLogin" time="18.908" classname="script.VerifyInvalidLogin"/>
</testsuite> <!-- script.VerifyInvalidLogin -->
