<?xml version="1.0" encoding="UTF-8"?>
<!-- Generated by org.testng.reporters.JUnitReportReporter -->
<testsuite name="script.VerifyLoginLogout" tests="1" time="21.143" ignored="0" failures="0" timestamp="27 Feb 2017 21:38:26 GMT" skipped="0" hostname="DESKTOP-EB3NVNR" errors="0">
  <testcase name="testVerifyLoginLogout" time="21.143" classname="script.VerifyLoginLogout"/>
</testsuite> <!-- script.VerifyLoginLogout -->
