<?xml version="1.0" encoding="UTF-8"?>
<!-- Generated by org.testng.reporters.JUnitReportReporter -->
<testsuite name="script.VerifyVersion" tests="1" time="7.469" ignored="0" failures="0" timestamp="25 Feb 2017 14:18:44 GMT" skipped="0" hostname="DESKTOP-EB3NVNR" errors="0">
  <testcase name="testVerifyVersion" time="7.469" classname="script.VerifyVersion"/>
</testsuite> <!-- script.VerifyVersion -->
